[debug] [2023-03-02T16:09:29.291Z] ----------------------------------------------------------------------
[debug] [2023-03-02T16:09:29.293Z] Command:       C:\Program Files\nodejs\node.exe C:\Users\Stephane\AppData\Roaming\npm\node_modules\firebase-tools\lib\bin\firebase.js init hosting
[debug] [2023-03-02T16:09:29.294Z] CLI Version:   11.24.0
[debug] [2023-03-02T16:09:29.294Z] Platform:      win32
[debug] [2023-03-02T16:09:29.294Z] Node Version:  v14.18.1
[debug] [2023-03-02T16:09:29.295Z] Time:          Thu Mar 02 2023 11:09:29 GMT-0500 (Eastern Standard Time)
[debug] [2023-03-02T16:09:29.295Z] ----------------------------------------------------------------------
[debug] 
[debug] [2023-03-02T16:09:29.304Z] > command requires scopes: ["email","openid","https://www.googleapis.com/auth/cloudplatformprojects.readonly","https://www.googleapis.com/auth/firebase","https://www.googleapis.com/auth/cloud-platform"]
[debug] [2023-03-02T16:09:29.305Z] > authorizing via signed-in user (swar.kung@gmail.com)
[info] 
     ######## #### ########  ######## ########     ###     ######  ########
     ##        ##  ##     ## ##       ##     ##  ##   ##  ##       ##
     ######    ##  ########  ######   ########  #########  ######  ######
     ##        ##  ##    ##  ##       ##     ## ##     ##       ## ##
     ##       #### ##     ## ######## ########  ##     ##  ######  ########

You're about to initialize a Firebase project in this directory:

  C:\Users\Stephane\Documents\Github_Projects\Senior-Project

[info] 
=== Project Setup
[info] 
[info] First, let's associate this project directory with a Firebase project.
[info] You can create multiple project aliases by running firebase use --add, 
[info] but for now we'll just set up a default project.
[info] 
[debug] [2023-03-02T16:09:37.770Z] >>> [apiv2][query] GET https://firebase.googleapis.com/v1beta1/projects pageSize=100
[debug] [2023-03-02T16:09:38.349Z] <<< [apiv2][status] GET https://firebase.googleapis.com/v1beta1/projects 200
[debug] [2023-03-02T16:09:38.350Z] <<< [apiv2][body] GET https://firebase.googleapis.com/v1beta1/projects [omitted]
[info] i  Using project calendarboard-e84ef (CalendarBoard) 
[info] 
=== Hosting Setup
[info] 
[info] Your public directory is the folder (relative to your project directory) that
[info] will contain Hosting assets to be uploaded with firebase deploy. If you
[info] have a build process for your assets, use your build's output directory.
[info] 
[info] +  Wrote y/404.html 
[debug] [2023-03-02T16:10:42.209Z] >>> [apiv2][query] GET https://www.gstatic.com/firebasejs/releases.json [none]
[debug] [2023-03-02T16:10:42.320Z] <<< [apiv2][status] GET https://www.gstatic.com/firebasejs/releases.json 200
[debug] [2023-03-02T16:10:42.321Z] <<< [apiv2][body] GET https://www.gstatic.com/firebasejs/releases.json {"current":{"version":"9.17.1","browserURL":"https://www.gstatic.com/firebasejs/9.17.1/firebase.js","packageURL":"https://www.gstatic.com/firebasejs/9.17.1/firebase.tgz"},"live":{"version":"9.17","browserURL":"https://www.gstatic.com/firebasejs/live/9.17/firebase.js","packageURL":"https://www.gstatic.com/firebasejs/live/9.17/firebase.tgz"},"components":{"analytics":"https://www.gstatic.com/firebasejs/9.17.1/firebase-analytics.js","app":"https://www.gstatic.com/firebasejs/9.17.1/firebase-app.js","app-check":"https://www.gstatic.com/firebasejs/9.17.1/firebase-app-check.js","auth":"https://www.gstatic.com/firebasejs/9.17.1/firebase-auth.js","auth/cordova":"https://www.gstatic.com/firebasejs/9.17.1/firebase-auth/cordova.js","auth/react-native":"https://www.gstatic.com/firebasejs/9.17.1/firebase-auth/react-native.js","functions":"https://www.gstatic.com/firebasejs/9.17.1/firebase-functions.js","firestore":"https://www.gstatic.com/firebasejs/9.17.1/firebase-firestore.js","firestore/lite":"https://www.gstatic.com/firebasejs/9.17.1/firebase-firestore/lite.js","installations":"https://www.gstatic.com/firebasejs/9.17.1/firebase-installations.js","storage":"https://www.gstatic.com/firebasejs/9.17.1/firebase-storage.js","performance":"https://www.gstatic.com/firebasejs/9.17.1/firebase-performance.js","remote-config":"https://www.gstatic.com/firebasejs/9.17.1/firebase-remote-config.js","messaging":"https://www.gstatic.com/firebasejs/9.17.1/firebase-messaging.js","messaging/sw":"https://www.gstatic.com/firebasejs/9.17.1/firebase-messaging/sw.js","database":"https://www.gstatic.com/firebasejs/9.17.1/firebase-database.js","firestore.memory":"https://www.gstatic.com/firebasejs/9.17.1/firebase-firestore.memory.js"}}
[info] +  Wrote y/index.html 
[info] 
[info] i  Detected a .git folder at C:\Users\Stephane\Documents\Github_Projects\Senior-Project 
[info] i  Authorizing with GitHub to upload your service account to a GitHub repository's secrets store. 
[info] 
[info] Visit this URL on this device to log in:
[info] https://github.com/login/oauth/authorize?client_id=89cf50f02ac6aaed3484&state=394422400&redirect_uri=http%3A%2F%2Flocalhost%3A9005&scope=read%3Auser%20repo%20public_repo
[info] 
[info] Waiting for authentication...
[debug] [2023-03-02T16:11:37.254Z] >>> [apiv2][query] POST https://github.com/login/oauth/access_token [none]
[debug] [2023-03-02T16:11:37.254Z] >>> [apiv2][body] POST https://github.com/login/oauth/access_token [stream]
[debug] [2023-03-02T16:11:37.424Z] <<< [apiv2][status] POST https://github.com/login/oauth/access_token 200
[debug] [2023-03-02T16:11:37.424Z] <<< [apiv2][body] POST https://github.com/login/oauth/access_token {"access_token":"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","token_type":"bearer","scope":"read:user,repo"}
[debug] [2023-03-02T16:11:37.429Z] >>> [apiv2][query] GET https://api.github.com/user [none]
[debug] [2023-03-02T16:11:37.639Z] <<< [apiv2][status] GET https://api.github.com/user 200
[debug] [2023-03-02T16:11:37.639Z] <<< [apiv2][body] GET https://api.github.com/user {"login":"stephaneK123","id":11825845,"node_id":"MDQ6VXNlcjExODI1ODQ1","avatar_url":"https://avatars.githubusercontent.com/u/11825845?v=4","gravatar_id":"","url":"https://api.github.com/users/stephaneK123","html_url":"https://github.com/stephaneK123","followers_url":"https://api.github.com/users/stephaneK123/followers","following_url":"https://api.github.com/users/stephaneK123/following{/other_user}","gists_url":"https://api.github.com/users/stephaneK123/gists{/gist_id}","starred_url":"https://api.github.com/users/stephaneK123/starred{/owner}{/repo}","subscriptions_url":"https://api.github.com/users/stephaneK123/subscriptions","organizations_url":"https://api.github.com/users/stephaneK123/orgs","repos_url":"https://api.github.com/users/stephaneK123/repos","events_url":"https://api.github.com/users/stephaneK123/events{/privacy}","received_events_url":"https://api.github.com/users/stephaneK123/received_events","type":"User","site_admin":false,"name":"S.Katende","company":null,"blog":"https://www.linkedin.com/in/skatende/","location":"Vermont, US ","email":"Swar.kung@gmail.com","hireable":true,"bio":"Software Engineer student | Android ","twitter_username":null,"public_repos":11,"public_gists":0,"followers":8,"following":6,"created_at":"2015-04-06T23:20:01Z","updated_at":"2022-12-27T22:42:02Z","private_gists":0,"total_private_repos":21,"owned_private_repos":21,"disk_usage":217779,"collaborators":0,"two_factor_authentication":false,"plan":{"name":"free","space":976562499,"collaborators":0,"private_repos":10000}}
[info] 
[info] +  Success! Logged into GitHub as stephaneK123 
[info] 
[debug] [2023-03-02T16:15:06.198Z] >>> [apiv2][query] GET https://api.github.com/repos//actions/secrets/public-key type=owner
[debug] [2023-03-02T16:15:06.352Z] <<< [apiv2][status] GET https://api.github.com/repos//actions/secrets/public-key 404
[debug] [2023-03-02T16:15:06.352Z] <<< [apiv2][body] GET https://api.github.com/repos//actions/secrets/public-key {"message":"Not Found","documentation_url":"https://docs.github.com/rest"}
